<?xml version="1.0" encoding="UTF-8"?>
<!-- Generated by org.testng.reporters.JUnitXMLReporter -->
<testsuite hostname="LAPTOP-GNAN5FE0" ignored="0" name="Default test" tests="5" failures="0" timestamp="2020-08-08T18:24:36 IST" time="124.708" errors="0">
  <testcase name="LoginPage" time="26.566" classname="page.ERP"/>
  <testcase name="CompanyProfilePage" time="35.874" classname="page.ERP"/>
  <testcase name="Branches" time="11.939" classname="page.ERP"/>
  <testcase name="Clients" time="17.222" classname="page.ERP"/>
  <testcase name="LogoutPage" time="4.226" classname="page.ERP"/>
</testsuite> <!-- Default test -->
