<?xml version="1.0" encoding="UTF-8"?>
<testng-results skipped="0" failed="0" ignored="0" total="5" passed="5">
  <reporter-output>
  </reporter-output>
  <suite name="Default suite" duration-ms="124708" started-at="2020-08-08T18:22:31 IST" finished-at="2020-08-08T18:24:35 IST">
    <groups>
    </groups>
    <test name="Default test" duration-ms="124708" started-at="2020-08-08T18:22:31 IST" finished-at="2020-08-08T18:24:35 IST">
      <class name="page.ERP">
        <test-method status="PASS" signature="beforeTest()[pri:0, instance:page.ERP@48503868]" name="beforeTest" is-config="true" duration-ms="23675" started-at="2020-08-08T18:22:31 IST" finished-at="2020-08-08T18:22:54 IST">
          <reporter-output>
          </reporter-output>
        </test-method> <!-- beforeTest -->
        <test-method status="PASS" signature="LoginPage()[pri:0, instance:page.ERP@48503868]" name="LoginPage" duration-ms="26566" started-at="2020-08-08T18:22:55 IST" finished-at="2020-08-08T18:23:21 IST">
          <reporter-output>
          </reporter-output>
        </test-method> <!-- LoginPage -->
        <test-method status="PASS" signature="CompanyProfilePage()[pri:1, instance:page.ERP@48503868]" name="CompanyProfilePage" duration-ms="35874" started-at="2020-08-08T18:23:21 IST" finished-at="2020-08-08T18:23:57 IST">
          <reporter-output>
          </reporter-output>
        </test-method> <!-- CompanyProfilePage -->
        <test-method status="PASS" signature="Branches()[pri:2, instance:page.ERP@48503868]" name="Branches" duration-ms="11939" started-at="2020-08-08T18:23:57 IST" finished-at="2020-08-08T18:24:09 IST">
          <reporter-output>
          </reporter-output>
        </test-method> <!-- Branches -->
        <test-method status="PASS" signature="Clients()[pri:3, instance:page.ERP@48503868]" name="Clients" duration-ms="17222" started-at="2020-08-08T18:24:09 IST" finished-at="2020-08-08T18:24:26 IST">
          <reporter-output>
          </reporter-output>
        </test-method> <!-- Clients -->
        <test-method status="PASS" signature="LogoutPage()[pri:4, instance:page.ERP@48503868]" name="LogoutPage" duration-ms="4226" started-at="2020-08-08T18:24:26 IST" finished-at="2020-08-08T18:24:31 IST">
          <reporter-output>
          </reporter-output>
        </test-method> <!-- LogoutPage -->
        <test-method status="PASS" signature="afterTest()[pri:0, instance:page.ERP@48503868]" name="afterTest" is-config="true" duration-ms="4889" started-at="2020-08-08T18:24:31 IST" finished-at="2020-08-08T18:24:35 IST">
          <reporter-output>
          </reporter-output>
        </test-method> <!-- afterTest -->
      </class> <!-- page.ERP -->
    </test> <!-- Default test -->
  </suite> <!-- Default suite -->
</testng-results>
